[2022-01-24 22:14:21,070] {taskinstance.py:1032} INFO - Dependencies all met for <TaskInstance: hello_world.templated_command backfill__2021-01-20T00:00:00+00:00 [queued]>
[2022-01-24 22:14:21,074] {taskinstance.py:1032} INFO - Dependencies all met for <TaskInstance: hello_world.templated_command backfill__2021-01-20T00:00:00+00:00 [queued]>
[2022-01-24 22:14:21,074] {taskinstance.py:1238} INFO - 
--------------------------------------------------------------------------------
[2022-01-24 22:14:21,074] {taskinstance.py:1239} INFO - Starting attempt 1 of 2
[2022-01-24 22:14:21,074] {taskinstance.py:1240} INFO - 
--------------------------------------------------------------------------------
[2022-01-24 22:14:21,086] {taskinstance.py:1259} INFO - Executing <Task(BashOperator): templated_command> on 2021-01-20 00:00:00+00:00
[2022-01-24 22:14:21,087] {standard_task_runner.py:52} INFO - Started process 24493 to run task
[2022-01-24 22:14:21,088] {standard_task_runner.py:76} INFO - Running: ['airflow', 'tasks', 'run', 'hello_world', 'templated_command', 'backfill__2021-01-20T00:00:00+00:00', '--job-id', '24', '--pool', 'default_pool', '--raw', '--subdir', 'DAGS_FOLDER/hello_world_dag.py', '--cfg-path', '/tmp/tmp7ib8rw7p', '--error-file', '/tmp/tmpuien7zv5']
[2022-01-24 22:14:21,089] {standard_task_runner.py:77} INFO - Job 24: Subtask templated_command
[2022-01-24 22:14:21,111] {logging_mixin.py:109} INFO - Running <TaskInstance: hello_world.templated_command backfill__2021-01-20T00:00:00+00:00 [running]> on host ryo-PC
[2022-01-24 22:14:21,144] {taskinstance.py:1424} INFO - Exporting the following env vars:
AIRFLOW_CTX_DAG_EMAIL=your-email@gmail.com
AIRFLOW_CTX_DAG_OWNER=your-name
AIRFLOW_CTX_DAG_ID=hello_world
AIRFLOW_CTX_TASK_ID=templated_command
AIRFLOW_CTX_EXECUTION_DATE=2021-01-20T00:00:00+00:00
AIRFLOW_CTX_DAG_RUN_ID=backfill__2021-01-20T00:00:00+00:00
[2022-01-24 22:14:21,144] {subprocess.py:62} INFO - Tmp dir root location: 
 /tmp
[2022-01-24 22:14:21,144] {subprocess.py:74} INFO - Running command: ['bash', '-c', '\n\n     echo "2021-01-20"\n     echo "2021-01-27"\n     echo "Parameter I passed in"\n \n     echo "2021-01-20"\n     echo "2021-01-27"\n     echo "Parameter I passed in"\n \n     echo "2021-01-20"\n     echo "2021-01-27"\n     echo "Parameter I passed in"\n \n     echo "2021-01-20"\n     echo "2021-01-27"\n     echo "Parameter I passed in"\n \n     echo "2021-01-20"\n     echo "2021-01-27"\n     echo "Parameter I passed in"\n ']
[2022-01-24 22:14:21,147] {subprocess.py:85} INFO - Output:
[2022-01-24 22:14:21,147] {subprocess.py:89} INFO - 2021-01-20
[2022-01-24 22:14:21,147] {subprocess.py:89} INFO - 2021-01-27
[2022-01-24 22:14:21,147] {subprocess.py:89} INFO - Parameter I passed in
[2022-01-24 22:14:21,147] {subprocess.py:89} INFO - 2021-01-20
[2022-01-24 22:14:21,147] {subprocess.py:89} INFO - 2021-01-27
[2022-01-24 22:14:21,147] {subprocess.py:89} INFO - Parameter I passed in
[2022-01-24 22:14:21,147] {subprocess.py:89} INFO - 2021-01-20
[2022-01-24 22:14:21,147] {subprocess.py:89} INFO - 2021-01-27
[2022-01-24 22:14:21,147] {subprocess.py:89} INFO - Parameter I passed in
[2022-01-24 22:14:21,147] {subprocess.py:89} INFO - 2021-01-20
[2022-01-24 22:14:21,148] {subprocess.py:89} INFO - 2021-01-27
[2022-01-24 22:14:21,148] {subprocess.py:89} INFO - Parameter I passed in
[2022-01-24 22:14:21,148] {subprocess.py:89} INFO - 2021-01-20
[2022-01-24 22:14:21,148] {subprocess.py:89} INFO - 2021-01-27
[2022-01-24 22:14:21,148] {subprocess.py:89} INFO - Parameter I passed in
[2022-01-24 22:14:21,148] {subprocess.py:93} INFO - Command exited with return code 0
[2022-01-24 22:14:21,163] {taskinstance.py:1267} INFO - Marking task as SUCCESS. dag_id=hello_world, task_id=templated_command, execution_date=20210120T000000, start_date=20220124T131421, end_date=20220124T131421
[2022-01-24 22:14:21,180] {local_task_job.py:154} INFO - Task exited with return code 0
[2022-01-24 22:14:21,187] {local_task_job.py:264} INFO - 0 downstream tasks scheduled from follow-on schedule check
[2022-01-24 22:14:21,190] {dagrun.py:545} INFO - Marking run <DagRun hello_world @ 2021-01-20 00:00:00+00:00: backfill__2021-01-20T00:00:00+00:00, externally triggered: False> successful
[2022-01-24 22:14:21,190] {dagrun.py:590} INFO - DagRun Finished: dag_id=hello_world, execution_date=2021-01-20 00:00:00+00:00, run_id=backfill__2021-01-20T00:00:00+00:00, run_start_date=2022-01-24 13:13:57.804223+00:00, run_end_date=2022-01-24 13:14:21.190866+00:00, run_duration=23.386643, state=success, external_trigger=False, run_type=backfill, data_interval_start=2021-01-20 00:00:00+00:00, data_interval_end=2021-01-21 00:00:00+00:00, dag_hash=None
