[2022-01-24 22:36:49,909] {manager.py:514} INFO - Processing files using up to 1 processes at a time 
[2022-01-24 22:36:49,909] {manager.py:515} INFO - Process each file at most once every 30 seconds
[2022-01-24 22:36:49,909] {manager.py:516} INFO - Checking for new files in /home/ryo/test-beam/airflow/dags every 300 seconds
[2022-01-24 22:36:49,909] {manager.py:663} INFO - Searching for files in /home/ryo/test-beam/airflow/dags
[2022-01-24 22:36:49,913] {manager.py:666} INFO - There are 33 files in /home/ryo/test-beam/airflow/dags
[2022-01-24 22:36:49,954] {manager.py:1065} INFO - Finding 'running' jobs without a recent heartbeat
[2022-01-24 22:36:49,954] {manager.py:1069} INFO - Failing jobs without heartbeat after 2022-01-24 13:31:49.954347+00:00
[2022-01-24 22:36:50,168] {manager.py:784} INFO - 
================================================================================
DAG File Processing Stats

File Path                                                                                                                    PID    Runtime      # DAGs    # Errors  Last Runtime    Last Run
---------------------------------------------------------------------------------------------------------------------------  -----  ---------  --------  ----------  --------------  -------------------
/home/ryo/.pyenv/versions/3.8.8/lib/python3.8/site-packages/airflow/example_dags/example_branch_operator.py                                           0           0
/home/ryo/.pyenv/versions/3.8.8/lib/python3.8/site-packages/airflow/example_dags/example_short_circuit_operator.py                                    0           0
/home/ryo/.pyenv/versions/3.8.8/lib/python3.8/site-packages/airflow/example_dags/tutorial_taskflow_api_etl.py                                         0           0
/home/ryo/.pyenv/versions/3.8.8/lib/python3.8/site-packages/airflow/example_dags/example_bash_operator.py                                             0           0
/home/ryo/.pyenv/versions/3.8.8/lib/python3.8/site-packages/airflow/example_dags/example_skip_dag.py                                                  0           0
/home/ryo/.pyenv/versions/3.8.8/lib/python3.8/site-packages/airflow/example_dags/example_complex.py                                                   0           0
/home/ryo/.pyenv/versions/3.8.8/lib/python3.8/site-packages/airflow/example_dags/example_time_delta_sensor_async.py                                   0           0
/home/ryo/.pyenv/versions/3.8.8/lib/python3.8/site-packages/airflow/example_dags/example_task_group_decorator.py                                      0           0
/home/ryo/.pyenv/versions/3.8.8/lib/python3.8/site-packages/airflow/example_dags/example_xcom.py                                                      0           0
/home/ryo/.pyenv/versions/3.8.8/lib/python3.8/site-packages/airflow/example_dags/example_branch_labels.py                                             0           0
/home/ryo/.pyenv/versions/3.8.8/lib/python3.8/site-packages/airflow/example_dags/example_branch_datetime_operator.py                                  0           0
/home/ryo/.pyenv/versions/3.8.8/lib/python3.8/site-packages/airflow/example_dags/example_trigger_controller_dag.py                                    0           0
/home/ryo/.pyenv/versions/3.8.8/lib/python3.8/site-packages/airflow/example_dags/example_branch_day_of_week_operator.py                               0           0
/home/ryo/.pyenv/versions/3.8.8/lib/python3.8/site-packages/airflow/example_dags/example_nested_branch_dag.py                                         0           0
/home/ryo/.pyenv/versions/3.8.8/lib/python3.8/site-packages/airflow/example_dags/tutorial_etl_dag.py                                                  0           0
/home/ryo/.pyenv/versions/3.8.8/lib/python3.8/site-packages/airflow/example_dags/example_kubernetes_executor.py                                       0           0
/home/ryo/.pyenv/versions/3.8.8/lib/python3.8/site-packages/airflow/example_dags/example_latest_only_with_trigger.py                                  0           0
/home/ryo/.pyenv/versions/3.8.8/lib/python3.8/site-packages/airflow/example_dags/example_xcomargs.py                                                  0           0
/home/ryo/.pyenv/versions/3.8.8/lib/python3.8/site-packages/airflow/example_dags/example_subdag_operator.py                                           0           0
/home/ryo/.pyenv/versions/3.8.8/lib/python3.8/site-packages/airflow/example_dags/example_latest_only.py                                               0           0
/home/ryo/.pyenv/versions/3.8.8/lib/python3.8/site-packages/airflow/example_dags/example_external_task_marker_dag.py                                  0           0
/home/ryo/.pyenv/versions/3.8.8/lib/python3.8/site-packages/airflow/example_dags/example_sla_dag.py                                                   0           0
/home/ryo/.pyenv/versions/3.8.8/lib/python3.8/site-packages/airflow/example_dags/tutorial.py                                                          0           0
/home/ryo/.pyenv/versions/3.8.8/lib/python3.8/site-packages/airflow/example_dags/example_trigger_target_dag.py                                        0           0
/home/ryo/.pyenv/versions/3.8.8/lib/python3.8/site-packages/airflow/example_dags/example_dag_decorator.py                                             0           0
/home/ryo/.pyenv/versions/3.8.8/lib/python3.8/site-packages/airflow/example_dags/tutorial_taskflow_api_etl_virtualenv.py                              0           0
/home/ryo/.pyenv/versions/3.8.8/lib/python3.8/site-packages/airflow/example_dags/example_branch_python_dop_operator_3.py                              0           0
/home/ryo/.pyenv/versions/3.8.8/lib/python3.8/site-packages/airflow/example_dags/example_python_operator.py                                           0           0
/home/ryo/.pyenv/versions/3.8.8/lib/python3.8/site-packages/airflow/example_dags/example_task_group.py                                                0           0
/home/ryo/.pyenv/versions/3.8.8/lib/python3.8/site-packages/airflow/example_dags/example_passing_params_via_test_command.py                           0           0
/home/ryo/.pyenv/versions/3.8.8/lib/python3.8/site-packages/airflow/example_dags/subdags/subdag.py                                                    0           0
/home/ryo/.pyenv/versions/3.8.8/lib/python3.8/site-packages/airflow/example_dags/plugins/workday.py                                                   0           0
/home/ryo/test-beam/airflow/dags/hello_world_dag.py                                                                                                   1           0  0.20s           2022-01-24T13:36:50
================================================================================
[2022-01-24 22:37:01,082] {manager.py:1065} INFO - Finding 'running' jobs without a recent heartbeat
[2022-01-24 22:37:01,083] {manager.py:1069} INFO - Failing jobs without heartbeat after 2022-01-24 13:32:01.083127+00:00
[2022-01-24 22:37:11,395] {manager.py:1065} INFO - Finding 'running' jobs without a recent heartbeat
[2022-01-24 22:37:11,396] {manager.py:1069} INFO - Failing jobs without heartbeat after 2022-01-24 13:32:11.396326+00:00
[2022-01-24 22:37:21,183] {manager.py:495} INFO - Exiting gracefully upon receiving signal 15
