[2022-01-24 22:14:03,671] {taskinstance.py:1032} INFO - Dependencies all met for <TaskInstance: hello_world.printing_date backfill__2021-01-20T00:00:00+00:00 [queued]>
[2022-01-24 22:14:03,674] {taskinstance.py:1032} INFO - Dependencies all met for <TaskInstance: hello_world.printing_date backfill__2021-01-20T00:00:00+00:00 [queued]>
[2022-01-24 22:14:03,675] {taskinstance.py:1238} INFO - 
--------------------------------------------------------------------------------
[2022-01-24 22:14:03,675] {taskinstance.py:1239} INFO - Starting attempt 1 of 2
[2022-01-24 22:14:03,675] {taskinstance.py:1240} INFO - 
--------------------------------------------------------------------------------
[2022-01-24 22:14:03,688] {taskinstance.py:1259} INFO - Executing <Task(BashOperator): printing_date> on 2021-01-20 00:00:00+00:00
[2022-01-24 22:14:03,689] {standard_task_runner.py:52} INFO - Started process 24474 to run task
[2022-01-24 22:14:03,690] {standard_task_runner.py:76} INFO - Running: ['airflow', 'tasks', 'run', 'hello_world', 'printing_date', 'backfill__2021-01-20T00:00:00+00:00', '--job-id', '20', '--pool', 'default_pool', '--raw', '--subdir', 'DAGS_FOLDER/hello_world_dag.py', '--cfg-path', '/tmp/tmpap2x2vso', '--error-file', '/tmp/tmpepq5guib']
[2022-01-24 22:14:03,691] {standard_task_runner.py:77} INFO - Job 20: Subtask printing_date
[2022-01-24 22:14:03,713] {logging_mixin.py:109} INFO - Running <TaskInstance: hello_world.printing_date backfill__2021-01-20T00:00:00+00:00 [running]> on host ryo-PC
[2022-01-24 22:14:03,743] {taskinstance.py:1424} INFO - Exporting the following env vars:
AIRFLOW_CTX_DAG_EMAIL=your-email@gmail.com
AIRFLOW_CTX_DAG_OWNER=your-name
AIRFLOW_CTX_DAG_ID=hello_world
AIRFLOW_CTX_TASK_ID=printing_date
AIRFLOW_CTX_EXECUTION_DATE=2021-01-20T00:00:00+00:00
AIRFLOW_CTX_DAG_RUN_ID=backfill__2021-01-20T00:00:00+00:00
[2022-01-24 22:14:03,743] {subprocess.py:62} INFO - Tmp dir root location: 
 /tmp
[2022-01-24 22:14:03,743] {subprocess.py:74} INFO - Running command: ['bash', '-c', 'date']
[2022-01-24 22:14:03,746] {subprocess.py:85} INFO - Output:
[2022-01-24 22:14:03,747] {subprocess.py:89} INFO - 2022年  1月 24日 月曜日 22:14:03 JST
[2022-01-24 22:14:03,747] {subprocess.py:93} INFO - Command exited with return code 0
[2022-01-24 22:14:03,774] {taskinstance.py:1267} INFO - Marking task as SUCCESS. dag_id=hello_world, task_id=printing_date, execution_date=20210120T000000, start_date=20220124T131403, end_date=20220124T131403
[2022-01-24 22:14:03,822] {local_task_job.py:154} INFO - Task exited with return code 0
[2022-01-24 22:14:03,833] {local_task_job.py:264} INFO - 0 downstream tasks scheduled from follow-on schedule check
