[2022-01-24 22:13:10,060] {taskinstance.py:1032} INFO - Dependencies all met for <TaskInstance: hello_world.sleep_5 backfill__2021-01-22T00:00:00+00:00 [queued]>
[2022-01-24 22:13:10,063] {taskinstance.py:1032} INFO - Dependencies all met for <TaskInstance: hello_world.sleep_5 backfill__2021-01-22T00:00:00+00:00 [queued]>
[2022-01-24 22:13:10,063] {taskinstance.py:1238} INFO - 
--------------------------------------------------------------------------------
[2022-01-24 22:13:10,063] {taskinstance.py:1239} INFO - Starting attempt 1 of 4
[2022-01-24 22:13:10,063] {taskinstance.py:1240} INFO - 
--------------------------------------------------------------------------------
[2022-01-24 22:13:10,076] {taskinstance.py:1259} INFO - Executing <Task(BashOperator): sleep_5> on 2021-01-22 00:00:00+00:00
[2022-01-24 22:13:10,076] {standard_task_runner.py:52} INFO - Started process 24403 to run task
[2022-01-24 22:13:10,078] {standard_task_runner.py:76} INFO - Running: ['airflow', 'tasks', 'run', 'hello_world', 'sleep_5', 'backfill__2021-01-22T00:00:00+00:00', '--job-id', '15', '--pool', 'default_pool', '--raw', '--subdir', 'DAGS_FOLDER/hello_world_dag.py', '--cfg-path', '/tmp/tmp_dz7zln6', '--error-file', '/tmp/tmphphx98fg']
[2022-01-24 22:13:10,078] {standard_task_runner.py:77} INFO - Job 15: Subtask sleep_5
[2022-01-24 22:13:10,100] {logging_mixin.py:109} INFO - Running <TaskInstance: hello_world.sleep_5 backfill__2021-01-22T00:00:00+00:00 [running]> on host ryo-PC
[2022-01-24 22:13:10,130] {taskinstance.py:1424} INFO - Exporting the following env vars:
AIRFLOW_CTX_DAG_EMAIL=your-email@gmail.com
AIRFLOW_CTX_DAG_OWNER=your-name
AIRFLOW_CTX_DAG_ID=hello_world
AIRFLOW_CTX_TASK_ID=sleep_5
AIRFLOW_CTX_EXECUTION_DATE=2021-01-22T00:00:00+00:00
AIRFLOW_CTX_DAG_RUN_ID=backfill__2021-01-22T00:00:00+00:00
[2022-01-24 22:13:10,130] {subprocess.py:62} INFO - Tmp dir root location: 
 /tmp
[2022-01-24 22:13:10,131] {subprocess.py:74} INFO - Running command: ['bash', '-c', 'sleep 5']
[2022-01-24 22:13:10,133] {subprocess.py:85} INFO - Output:
[2022-01-24 22:13:15,134] {subprocess.py:93} INFO - Command exited with return code 0
[2022-01-24 22:13:15,160] {taskinstance.py:1267} INFO - Marking task as SUCCESS. dag_id=hello_world, task_id=sleep_5, execution_date=20210122T000000, start_date=20220124T131310, end_date=20220124T131315
[2022-01-24 22:13:15,211] {local_task_job.py:154} INFO - Task exited with return code 0
[2022-01-24 22:13:15,220] {local_task_job.py:264} INFO - 0 downstream tasks scheduled from follow-on schedule check
