[2022-01-24 22:37:39,494] {taskinstance.py:1032} INFO - Dependencies all met for <TaskInstance: hello_world.printing_date backfill__2021-07-25T00:00:00+00:00 [queued]>
[2022-01-24 22:37:39,497] {taskinstance.py:1032} INFO - Dependencies all met for <TaskInstance: hello_world.printing_date backfill__2021-07-25T00:00:00+00:00 [queued]>
[2022-01-24 22:37:39,497] {taskinstance.py:1238} INFO - 
--------------------------------------------------------------------------------
[2022-01-24 22:37:39,498] {taskinstance.py:1239} INFO - Starting attempt 1 of 2
[2022-01-24 22:37:39,498] {taskinstance.py:1240} INFO - 
--------------------------------------------------------------------------------
[2022-01-24 22:37:39,510] {taskinstance.py:1259} INFO - Executing <Task(BashOperator): printing_date> on 2021-07-25 00:00:00+00:00
[2022-01-24 22:37:39,511] {standard_task_runner.py:52} INFO - Started process 26083 to run task
[2022-01-24 22:37:39,513] {standard_task_runner.py:76} INFO - Running: ['airflow', 'tasks', 'run', 'hello_world', 'printing_date', 'backfill__2021-07-25T00:00:00+00:00', '--job-id', '38', '--pool', 'default_pool', '--raw', '--subdir', 'DAGS_FOLDER/hello_world_dag.py', '--cfg-path', '/tmp/tmp18y9u8k5', '--error-file', '/tmp/tmp3d7uy1jk']
[2022-01-24 22:37:39,513] {standard_task_runner.py:77} INFO - Job 38: Subtask printing_date
[2022-01-24 22:37:39,537] {logging_mixin.py:109} INFO - Running <TaskInstance: hello_world.printing_date backfill__2021-07-25T00:00:00+00:00 [running]> on host ryo-PC
[2022-01-24 22:37:39,575] {taskinstance.py:1424} INFO - Exporting the following env vars:
AIRFLOW_CTX_DAG_EMAIL=your-email@gmail.com
AIRFLOW_CTX_DAG_OWNER=your-name
AIRFLOW_CTX_DAG_ID=hello_world
AIRFLOW_CTX_TASK_ID=printing_date
AIRFLOW_CTX_EXECUTION_DATE=2021-07-25T00:00:00+00:00
AIRFLOW_CTX_DAG_RUN_ID=backfill__2021-07-25T00:00:00+00:00
[2022-01-24 22:37:39,577] {subprocess.py:62} INFO - Tmp dir root location: 
 /tmp
[2022-01-24 22:37:39,578] {subprocess.py:74} INFO - Running command: ['bash', '-c', 'date']
[2022-01-24 22:37:39,587] {subprocess.py:85} INFO - Output:
[2022-01-24 22:37:39,589] {subprocess.py:89} INFO - 2022年  1月 24日 月曜日 22:37:39 JST
[2022-01-24 22:37:39,589] {subprocess.py:93} INFO - Command exited with return code 0
[2022-01-24 22:37:39,604] {taskinstance.py:1267} INFO - Marking task as SUCCESS. dag_id=hello_world, task_id=printing_date, execution_date=20210725T000000, start_date=20220124T133739, end_date=20220124T133739
[2022-01-24 22:37:39,645] {local_task_job.py:154} INFO - Task exited with return code 0
[2022-01-24 22:37:39,653] {local_task_job.py:264} INFO - 0 downstream tasks scheduled from follow-on schedule check
