[2022-01-24 22:13:22,338] {taskinstance.py:1032} INFO - Dependencies all met for <TaskInstance: hello_world.templated_command backfill__2021-01-22T00:00:00+00:00 [queued]>
[2022-01-24 22:13:22,341] {taskinstance.py:1032} INFO - Dependencies all met for <TaskInstance: hello_world.templated_command backfill__2021-01-22T00:00:00+00:00 [queued]>
[2022-01-24 22:13:22,341] {taskinstance.py:1238} INFO - 
--------------------------------------------------------------------------------
[2022-01-24 22:13:22,341] {taskinstance.py:1239} INFO - Starting attempt 1 of 2
[2022-01-24 22:13:22,341] {taskinstance.py:1240} INFO - 
--------------------------------------------------------------------------------
[2022-01-24 22:13:22,354] {taskinstance.py:1259} INFO - Executing <Task(BashOperator): templated_command> on 2021-01-22 00:00:00+00:00
[2022-01-24 22:13:22,355] {standard_task_runner.py:52} INFO - Started process 24414 to run task
[2022-01-24 22:13:22,356] {standard_task_runner.py:76} INFO - Running: ['airflow', 'tasks', 'run', 'hello_world', 'templated_command', 'backfill__2021-01-22T00:00:00+00:00', '--job-id', '17', '--pool', 'default_pool', '--raw', '--subdir', 'DAGS_FOLDER/hello_world_dag.py', '--cfg-path', '/tmp/tmp5024g3yr', '--error-file', '/tmp/tmpmu9lkxyw']
[2022-01-24 22:13:22,356] {standard_task_runner.py:77} INFO - Job 17: Subtask templated_command
[2022-01-24 22:13:22,400] {logging_mixin.py:109} INFO - Running <TaskInstance: hello_world.templated_command backfill__2021-01-22T00:00:00+00:00 [running]> on host ryo-PC
[2022-01-24 22:13:22,438] {taskinstance.py:1424} INFO - Exporting the following env vars:
AIRFLOW_CTX_DAG_EMAIL=your-email@gmail.com
AIRFLOW_CTX_DAG_OWNER=your-name
AIRFLOW_CTX_DAG_ID=hello_world
AIRFLOW_CTX_TASK_ID=templated_command
AIRFLOW_CTX_EXECUTION_DATE=2021-01-22T00:00:00+00:00
AIRFLOW_CTX_DAG_RUN_ID=backfill__2021-01-22T00:00:00+00:00
[2022-01-24 22:13:22,438] {subprocess.py:62} INFO - Tmp dir root location: 
 /tmp
[2022-01-24 22:13:22,438] {subprocess.py:74} INFO - Running command: ['bash', '-c', '\n\n     echo "2021-01-22"\n     echo "2021-01-29"\n     echo "Parameter I passed in"\n \n     echo "2021-01-22"\n     echo "2021-01-29"\n     echo "Parameter I passed in"\n \n     echo "2021-01-22"\n     echo "2021-01-29"\n     echo "Parameter I passed in"\n \n     echo "2021-01-22"\n     echo "2021-01-29"\n     echo "Parameter I passed in"\n \n     echo "2021-01-22"\n     echo "2021-01-29"\n     echo "Parameter I passed in"\n ']
[2022-01-24 22:13:22,441] {subprocess.py:85} INFO - Output:
[2022-01-24 22:13:22,442] {subprocess.py:89} INFO - 2021-01-22
[2022-01-24 22:13:22,442] {subprocess.py:89} INFO - 2021-01-29
[2022-01-24 22:13:22,442] {subprocess.py:89} INFO - Parameter I passed in
[2022-01-24 22:13:22,442] {subprocess.py:89} INFO - 2021-01-22
[2022-01-24 22:13:22,442] {subprocess.py:89} INFO - 2021-01-29
[2022-01-24 22:13:22,442] {subprocess.py:89} INFO - Parameter I passed in
[2022-01-24 22:13:22,442] {subprocess.py:89} INFO - 2021-01-22
[2022-01-24 22:13:22,442] {subprocess.py:89} INFO - 2021-01-29
[2022-01-24 22:13:22,442] {subprocess.py:89} INFO - Parameter I passed in
[2022-01-24 22:13:22,442] {subprocess.py:89} INFO - 2021-01-22
[2022-01-24 22:13:22,442] {subprocess.py:89} INFO - 2021-01-29
[2022-01-24 22:13:22,442] {subprocess.py:89} INFO - Parameter I passed in
[2022-01-24 22:13:22,442] {subprocess.py:89} INFO - 2021-01-22
[2022-01-24 22:13:22,442] {subprocess.py:89} INFO - 2021-01-29
[2022-01-24 22:13:22,442] {subprocess.py:89} INFO - Parameter I passed in
[2022-01-24 22:13:22,442] {subprocess.py:93} INFO - Command exited with return code 0
[2022-01-24 22:13:22,469] {taskinstance.py:1267} INFO - Marking task as SUCCESS. dag_id=hello_world, task_id=templated_command, execution_date=20210122T000000, start_date=20220124T131322, end_date=20220124T131322
[2022-01-24 22:13:22,528] {local_task_job.py:154} INFO - Task exited with return code 0
[2022-01-24 22:13:22,539] {local_task_job.py:264} INFO - 0 downstream tasks scheduled from follow-on schedule check
[2022-01-24 22:13:22,542] {dagrun.py:545} INFO - Marking run <DagRun hello_world @ 2021-01-22 00:00:00+00:00: backfill__2021-01-22T00:00:00+00:00, externally triggered: False> successful
[2022-01-24 22:13:22,542] {dagrun.py:590} INFO - DagRun Finished: dag_id=hello_world, execution_date=2021-01-22 00:00:00+00:00, run_id=backfill__2021-01-22T00:00:00+00:00, run_start_date=2022-01-24 13:12:59.172197+00:00, run_end_date=2022-01-24 13:13:22.542913+00:00, run_duration=23.370716, state=success, external_trigger=False, run_type=backfill, data_interval_start=2021-01-22 00:00:00+00:00, data_interval_end=2021-01-23 00:00:00+00:00, dag_hash=None
